<?xml version="1.0" encoding="UTF-8"?>
<!-- Generated by org.testng.reporters.JUnitReportReporter -->
<testsuite hostname="Chiku" failures="0" tests="1" name="com.learning.DesiredCaps" time="2.003" errors="0" timestamp="2022-04-10T15:34:41 EDT" skipped="0">
  <testcase classname="com.learning.DesiredCaps" name="launchInsecure" time="2.003"/>
  <system-out/>
</testsuite> <!-- com.learning.DesiredCaps -->
