<?xml version="1.0" encoding="UTF-8"?>
<!-- Generated by org.testng.reporters.JUnitReportReporter -->
<testsuite hostname="Bhanus-MacBook-Air.local" failures="0" tests="1" name="com.javalearning.FlipkartLogin" time="0.267" errors="0" timestamp="2021-09-29T22:57:44 EDT" skipped="0">
  <testcase classname="com.javalearning.FlipkartLogin" name="loginFlipkart" time="0.267"/>
  <system-out/>
</testsuite> <!-- com.javalearning.FlipkartLogin -->
