<?xml version="1.0" encoding="UTF-8"?>
<!-- Generated by org.testng.reporters.JUnitReportReporter -->
<testsuite hostname="Bhanus-MacBook-Air.local" failures="0" tests="1" name="com.tests.FB_getTitle_TC" time="0.029" errors="0" timestamp="2021-09-26T20:11:45 EDT" skipped="0">
  <testcase classname="com.tests.FB_getTitle_TC" name="getTitle" time="0.029"/>
  <system-out/>
</testsuite> <!-- com.tests.FB_getTitle_TC -->
