<?xml version="1.0" encoding="UTF-8"?>
<!-- Generated by org.testng.reporters.JUnitReportReporter -->
<testsuite hostname="Bhanus-MacBook-Air.local" failures="0" tests="1" name="com.tests.FB_registration_TC" time="1.745" errors="0" timestamp="2021-09-26T22:47:44 EDT" skipped="0">
  <testcase classname="com.tests.FB_registration_TC" name="registration" time="1.745"/>
  <system-out/>
</testsuite> <!-- com.tests.FB_registration_TC -->
